# JRE version: OpenJDK Runtime Environment Temurin-17.0.4.1+1 (17.0.4.1+1) (build 17.0.4.1+1)
# Java VM: OpenJDK 64-Bit Server VM Temurin-17.0.4.1+1 (17.0.4.1+1, mixed mode, emulated-client, tiered, compressed oops, compressed class ptrs, g1 gc, windows-amd64)
GC Precious Log:
 CPUs: 4 total, 4 available
 Memory: 8113M
 Large Page Support: Disabled
 NUMA Support: Disabled
 Compressed Oops: Enabled (32-bit)
 Heap Region Size: 1M
 Heap Min Capacity: 8M
 Heap Initial Capacity: 128M
 Heap Max Capacity: 2030M
 Pre-touch: Disabled
 Parallel Workers: 4
 Concurrent Workers: 1
 Concurrent Refinement Workers: 4
 Periodic GC: Disabled
Heap:
 garbage-first heap   total 95232K, used 32630K [0x0000000081200000, 0x0000000100000000)
  region size 1024K, 8 young (8192K), 4 survivors (4096K)
 Metaspace       used 70469K, committed 70848K, reserved 1114112K
  class space    used 9299K, committed 9472K, reserved 1048576K
GC Heap History (20 events):
Event: 2.971 GC heap before
{Heap before GC invocations=14 (full 0):
 garbage-first heap   total 65536K, used 53164K [0x0000000081200000, 0x0000000100000000)
  region size 1024K, 36 young (36864K), 3 survivors (3072K)
 Metaspace       used 37942K, committed 38208K, reserved 1089536K
  class space    used 4682K, committed 4800K, reserved 1048576K
}
Event: 2.975 GC heap after
{Heap after GC invocations=15 (full 0):
 garbage-first heap   total 65536K, used 18746K [0x0000000081200000, 0x0000000100000000)
  region size 1024K, 4 young (4096K), 4 survivors (4096K)
 Metaspace       used 37942K, committed 38208K, reserved 1089536K
  class space    used 4682K, committed 4800K, reserved 1048576K
}
Event: 3.217 GC heap before
{Heap before GC invocations=15 (full 0):
 garbage-first heap   total 65536K, used 51514K [0x0000000081200000, 0x0000000100000000)
  region size 1024K, 36 young (36864K), 4 survivors (4096K)
 Metaspace       used 41051K, committed 41408K, reserved 1089536K
  class space    used 5108K, committed 5248K, reserved 1048576K
}
Event: 3.221 GC heap after
{Heap after GC invocations=16 (full 0):
 garbage-first heap   total 65536K, used 19583K [0x0000000081200000, 0x0000000100000000)
  region size 1024K, 3 young (3072K), 3 survivors (3072K)
 Metaspace       used 41051K, committed 41408K, reserved 1089536K
  class space    used 5108K, committed 5248K, reserved 1048576K
}
Event: 3.447 GC heap before
{Heap before GC invocations=16 (full 0):
 garbage-first heap   total 65536K, used 52351K [0x0000000081200000, 0x0000000100000000)
  region size 1024K, 35 young (35840K), 3 survivors (3072K)
 Metaspace       used 44348K, committed 44736K, reserved 1089536K
  class space    used 5700K, committed 5888K, reserved 1048576K
}
Event: 3.450 GC heap after
{Heap after GC invocations=17 (full 0):
 garbage-first heap   total 78848K, used 19925K [0x0000000081200000, 0x0000000100000000)
  region size 1024K, 3 young (3072K), 3 survivors (3072K)
 Metaspace       used 44348K, committed 44736K, reserved 1089536K
  class space    used 5700K, committed 5888K, reserved 1048576K
}
Event: 3.842 GC heap before
{Heap before GC invocations=17 (full 0):
 garbage-first heap   total 78848K, used 63957K [0x0000000081200000, 0x0000000100000000)
  region size 1024K, 46 young (47104K), 3 survivors (3072K)
 Metaspace       used 51034K, committed 51392K, reserved 1097728K
  class space    used 6546K, committed 6720K, reserved 1048576K
}
Event: 3.846 GC heap after
{Heap after GC invocations=18 (full 0):
 garbage-first heap   total 78848K, used 22289K [0x0000000081200000, 0x0000000100000000)
  region size 1024K, 6 young (6144K), 6 survivors (6144K)
 Metaspace       used 51034K, committed 51392K, reserved 1097728K
  class space    used 6546K, committed 6720K, reserved 1048576K
}
Event: 4.076 GC heap before
{Heap before GC invocations=18 (full 0):
 garbage-first heap   total 78848K, used 62225K [0x0000000081200000, 0x0000000100000000)
  region size 1024K, 45 young (46080K), 6 survivors (6144K)
 Metaspace       used 54236K, committed 54528K, reserved 1097728K
  class space    used 6924K, committed 7040K, reserved 1048576K
}
Event: 4.081 GC heap after
{Heap after GC invocations=19 (full 0):
 garbage-first heap   total 78848K, used 22824K [0x0000000081200000, 0x0000000100000000)
  region size 1024K, 4 young (4096K), 4 survivors (4096K)
 Metaspace       used 54236K, committed 54528K, reserved 1097728K
  class space    used 6924K, committed 7040K, reserved 1048576K
}
Event: 4.390 GC heap before
{Heap before GC invocations=19 (full 0):
 garbage-first heap   total 78848K, used 63784K [0x0000000081200000, 0x0000000100000000)
  region size 1024K, 44 young (45056K), 4 survivors (4096K)
 Metaspace       used 57898K, committed 58304K, reserved 1105920K
  class space    used 7597K, committed 7808K, reserved 1048576K
}
Event: 4.394 GC heap after
{Heap after GC invocations=20 (full 0):
 garbage-first heap   total 78848K, used 23768K [0x0000000081200000, 0x0000000100000000)
  region size 1024K, 4 young (4096K), 4 survivors (4096K)
 Metaspace       used 57898K, committed 58304K, reserved 1105920K
  class space    used 7597K, committed 7808K, reserved 1048576K
}
Event: 4.585 GC heap before
{Heap before GC invocations=20 (full 0):
 garbage-first heap   total 78848K, used 45272K [0x0000000081200000, 0x0000000100000000)
  region size 1024K, 26 young (26624K), 4 survivors (4096K)
 Metaspace       used 60001K, committed 60416K, reserved 1105920K
  class space    used 7841K, committed 8064K, reserved 1048576K
}
Event: 4.590 GC heap after
{Heap after GC invocations=21 (full 0):
 garbage-first heap   total 78848K, used 24429K [0x0000000081200000, 0x0000000100000000)
  region size 1024K, 3 young (3072K), 3 survivors (3072K)
 Metaspace       used 60001K, committed 60416K, reserved 1105920K
  class space    used 7841K, committed 8064K, reserved 1048576K
}
Event: 4.942 GC heap before
{Heap before GC invocations=22 (full 0):
 garbage-first heap   total 78848K, used 65389K [0x0000000081200000, 0x0000000100000000)
  region size 1024K, 43 young (44032K), 3 survivors (3072K)
 Metaspace       used 62836K, committed 63232K, reserved 1105920K
  class space    used 8331K, committed 8512K, reserved 1048576K
}
Event: 4.947 GC heap after
{Heap after GC invocations=23 (full 0):
 garbage-first heap   total 78848K, used 26254K [0x0000000081200000, 0x0000000100000000)
  region size 1024K, 5 young (5120K), 5 survivors (5120K)
 Metaspace       used 62836K, committed 63232K, reserved 1105920K
  class space    used 8331K, committed 8512K, reserved 1048576K
}
Event: 5.322 GC heap before
{Heap before GC invocations=23 (full 0):
 garbage-first heap   total 78848K, used 64142K [0x0000000081200000, 0x0000000100000000)
  region size 1024K, 42 young (43008K), 5 survivors (5120K)
 Metaspace       used 65189K, committed 65600K, reserved 1105920K
  class space    used 8663K, committed 8832K, reserved 1048576K
}
Event: 5.329 GC heap after
{Heap after GC invocations=24 (full 0):
 garbage-first heap   total 95232K, used 28802K [0x0000000081200000, 0x0000000100000000)
  region size 1024K, 6 young (6144K), 6 survivors (6144K)
 Metaspace       used 65189K, committed 65600K, reserved 1105920K
  class space    used 8663K, committed 8832K, reserved 1048576K
}
Event: 34.513 GC heap before
{Heap before GC invocations=24 (full 0):
 garbage-first heap   total 95232K, used 73858K [0x0000000081200000, 0x0000000100000000)
  region size 1024K, 51 young (52224K), 6 survivors (6144K)
 Metaspace       used 70135K, committed 70592K, reserved 1114112K
  class space    used 9265K, committed 9472K, reserved 1048576K
}
Event: 34.518 GC heap after
{Heap after GC invocations=25 (full 0):
 garbage-first heap   total 95232K, used 29558K [0x0000000081200000, 0x0000000100000000)
  region size 1024K, 4 young (4096K), 4 survivors (4096K)
 Metaspace       used 70135K, committed 70592K, reserved 1114112K
  class space    used 9265K, committed 9472K, reserved 1048576K
}

